11, 14, 2023 (20:34:20): Starting Pre-Save actions

11, 14, 2023 (20:34:20): Starting Dialogs Check/Save
11, 14, 2023 (20:34:20): Finished Dialogs Check/Save
11, 14, 2023 (20:34:20): Starting Controlled Files Resolution
11, 14, 2023 (20:34:20): Finished Controlled Files Resolution
11, 14, 2023 (20:34:20): Finished Pre-Save actions

11, 14, 2023 (20:34:20): Creating C:\EKU\F2023\CSC550\Assignments\FinalProject\RhapsodyModel\SpaceInvaders3D\SpaceInvaders3D.rpy
11, 14, 2023 (20:34:20): 
Started writing C:\EKU\F2023\CSC550\Assignments\FinalProject\RhapsodyModel\SpaceInvaders3D\SpaceInvaders3D.rpy on Tuesday, November 14, 2023 (20:34:20)

11, 14, 2023 (20:34:20): version 8.5.2
11, 14, 2023 (20:34:20): 
Started writing C:\EKU\F2023\CSC550\Assignments\FinalProject\RhapsodyModel\SpaceInvaders3D\SpaceInvaders3D_rpy\filesTable.dat on Tuesday, November 14, 2023 (20:34:20)

11, 14, 2023 (20:34:20): Finished writing C:\EKU\F2023\CSC550\Assignments\FinalProject\RhapsodyModel\SpaceInvaders3D\SpaceInvaders3D_rpy\filesTable.dat on Tuesday, November 14, 2023 (20:34:20)

11, 14, 2023 (20:34:20): Creating C:\EKU\F2023\CSC550\Assignments\FinalProject\RhapsodyModel\SpaceInvaders3D\SpaceInvaders3D_rpy\Default.sbs
11, 14, 2023 (20:34:20): 
Started writing C:\EKU\F2023\CSC550\Assignments\FinalProject\RhapsodyModel\SpaceInvaders3D\SpaceInvaders3D_rpy\Default.sbs on Tuesday, November 14, 2023 (20:34:20)

11, 14, 2023 (20:34:20): version 8.5.2
11, 14, 2023 (20:34:20): Finished writing C:\EKU\F2023\CSC550\Assignments\FinalProject\RhapsodyModel\SpaceInvaders3D\SpaceInvaders3D_rpy\Default.sbs on Tuesday, November 14, 2023 (20:34:20)

11, 14, 2023 (20:34:20): Finished writing C:\EKU\F2023\CSC550\Assignments\FinalProject\RhapsodyModel\SpaceInvaders3D\SpaceInvaders3D.rpy on Tuesday, November 14, 2023 (20:34:20)

11, 14, 2023 (20:34:20): End Log
